<?xml version="1.0" encoding="UTF-8"?>
<coverage generated="1586700832">
  <project timestamp="1586700832">
    <file name="/home/ivan/projects/php-project-lvl2/src/Differ.php">
      <line num="11" type="stmt" count="6"/>
      <line num="12" type="stmt" count="6"/>
      <line num="14" type="stmt" count="6"/>
      <line num="15" type="stmt" count="6"/>
      <line num="17" type="stmt" count="6"/>
      <line num="18" type="stmt" count="6"/>
      <line num="20" type="stmt" count="6"/>
      <line num="21" type="stmt" count="6"/>
      <line num="23" type="stmt" count="6"/>
      <line num="24" type="stmt" count="0"/>
      <line num="27" type="stmt" count="6"/>
      <line num="29" type="stmt" count="6"/>
      <line num="31" type="stmt" count="6"/>
      <line num="33" type="stmt" count="6"/>
      <metrics loc="34" ncloc="34" classes="0" methods="0" coveredmethods="0" conditionals="0" coveredconditionals="0" statements="14" coveredstatements="13" elements="14" coveredelements="13"/>
    </file>
    <file name="/home/ivan/projects/php-project-lvl2/src/Formatter/Formatter.php">
      <line num="8" type="stmt" count="6"/>
      <line num="9" type="stmt" count="6"/>
      <line num="10" type="stmt" count="2"/>
      <line num="11" type="stmt" count="4"/>
      <line num="12" type="stmt" count="2"/>
      <line num="13" type="stmt" count="2"/>
      <line num="14" type="stmt" count="2"/>
      <line num="16" type="stmt" count="0"/>
      <line num="18" type="stmt" count="6"/>
      <metrics loc="19" ncloc="19" classes="0" methods="0" coveredmethods="0" conditionals="0" coveredconditionals="0" statements="9" coveredstatements="8" elements="9" coveredelements="8"/>
    </file>
    <file name="/home/ivan/projects/php-project-lvl2/src/Formatter/Json.php">
      <line num="7" type="stmt" count="2"/>
      <metrics loc="8" ncloc="8" classes="0" methods="0" coveredmethods="0" conditionals="0" coveredconditionals="0" statements="1" coveredstatements="1" elements="1" coveredelements="1"/>
    </file>
    <file name="/home/ivan/projects/php-project-lvl2/src/Formatter/Plain.php">
      <line num="7" type="stmt" count="2"/>
      <line num="8" type="stmt" count="2"/>
      <line num="13" type="stmt" count="2"/>
      <line num="14" type="stmt" count="2"/>
      <line num="15" type="stmt" count="2"/>
      <line num="16" type="stmt" count="2"/>
      <line num="17" type="stmt" count="2"/>
      <line num="18" type="stmt" count="2"/>
      <line num="19" type="stmt" count="2"/>
      <line num="20" type="stmt" count="2"/>
      <line num="21" type="stmt" count="2"/>
      <line num="22" type="stmt" count="2"/>
      <line num="23" type="stmt" count="2"/>
      <line num="24" type="stmt" count="2"/>
      <line num="25" type="stmt" count="2"/>
      <line num="26" type="stmt" count="2"/>
      <line num="28" type="stmt" count="2"/>
      <line num="30" type="stmt" count="2"/>
      <line num="33" type="stmt" count="2"/>
      <line num="34" type="stmt" count="2"/>
      <line num="35" type="stmt" count="2"/>
      <line num="40" type="stmt" count="2"/>
      <line num="41" type="stmt" count="2"/>
      <metrics loc="42" ncloc="42" classes="0" methods="0" coveredmethods="0" conditionals="0" coveredconditionals="0" statements="23" coveredstatements="23" elements="23" coveredelements="23"/>
    </file>
    <file name="/home/ivan/projects/php-project-lvl2/src/Formatter/Pretty.php">
      <line num="7" type="stmt" count="2"/>
      <line num="8" type="stmt" count="2"/>
      <line num="9" type="stmt" count="2"/>
      <line num="11" type="stmt" count="2"/>
      <line num="12" type="stmt" count="2"/>
      <line num="13" type="stmt" count="2"/>
      <line num="14" type="stmt" count="2"/>
      <line num="15" type="stmt" count="2"/>
      <line num="17" type="stmt" count="2"/>
      <line num="18" type="stmt" count="2"/>
      <line num="20" type="stmt" count="2"/>
      <line num="26" type="stmt" count="2"/>
      <line num="27" type="stmt" count="2"/>
      <line num="28" type="stmt" count="2"/>
      <line num="29" type="stmt" count="2"/>
      <line num="30" type="stmt" count="2"/>
      <line num="31" type="stmt" count="2"/>
      <line num="32" type="stmt" count="2"/>
      <line num="33" type="stmt" count="2"/>
      <line num="34" type="stmt" count="2"/>
      <line num="35" type="stmt" count="2"/>
      <line num="36" type="stmt" count="2"/>
      <line num="37" type="stmt" count="2"/>
      <line num="38" type="stmt" count="2"/>
      <line num="39" type="stmt" count="2"/>
      <line num="40" type="stmt" count="2"/>
      <line num="41" type="stmt" count="2"/>
      <line num="42" type="stmt" count="2"/>
      <line num="44" type="stmt" count="2"/>
      <line num="45" type="stmt" count="2"/>
      <line num="47" type="stmt" count="2"/>
      <line num="48" type="stmt" count="2"/>
      <line num="49" type="stmt" count="2"/>
      <line num="50" type="stmt" count="2"/>
      <line num="51" type="stmt" count="2"/>
      <line num="53" type="stmt" count="0"/>
      <line num="55" type="stmt" count="2"/>
      <line num="57" type="stmt" count="2"/>
      <line num="58" type="stmt" count="2"/>
      <line num="63" type="stmt" count="2"/>
      <line num="64" type="stmt" count="2"/>
      <metrics loc="65" ncloc="65" classes="0" methods="0" coveredmethods="0" conditionals="0" coveredconditionals="0" statements="41" coveredstatements="40" elements="41" coveredelements="40"/>
    </file>
    <file name="/home/ivan/projects/php-project-lvl2/src/GetDiff.php">
      <line num="9" type="stmt" count="6"/>
      <line num="10" type="stmt" count="6"/>
      <line num="11" type="stmt" count="6"/>
      <line num="13" type="stmt" count="6"/>
      <line num="14" type="stmt" count="6"/>
      <line num="15" type="stmt" count="6"/>
      <line num="19" type="stmt" count="6"/>
      <line num="21" type="stmt" count="6"/>
      <line num="22" type="stmt" count="6"/>
      <line num="23" type="stmt" count="6"/>
      <line num="25" type="stmt" count="6"/>
      <line num="27" type="stmt" count="6"/>
      <line num="28" type="stmt" count="6"/>
      <line num="29" type="stmt" count="6"/>
      <line num="31" type="stmt" count="6"/>
      <line num="33" type="stmt" count="6"/>
      <line num="34" type="stmt" count="6"/>
      <line num="35" type="stmt" count="6"/>
      <line num="37" type="stmt" count="6"/>
      <line num="39" type="stmt" count="6"/>
      <line num="40" type="stmt" count="6"/>
      <line num="41" type="stmt" count="6"/>
      <line num="42" type="stmt" count="6"/>
      <line num="45" type="stmt" count="6"/>
      <line num="47" type="stmt" count="6"/>
      <line num="49" type="stmt" count="6"/>
      <line num="50" type="stmt" count="6"/>
      <line num="51" type="stmt" count="6"/>
      <line num="52" type="stmt" count="6"/>
      <line num="53" type="stmt" count="6"/>
      <line num="54" type="stmt" count="6"/>
      <line num="55" type="stmt" count="6"/>
      <line num="57" type="stmt" count="6"/>
      <metrics loc="58" ncloc="58" classes="0" methods="0" coveredmethods="0" conditionals="0" coveredconditionals="0" statements="33" coveredstatements="33" elements="33" coveredelements="33"/>
    </file>
    <file name="/home/ivan/projects/php-project-lvl2/src/Parser.php">
      <line num="10" type="stmt" count="6"/>
      <line num="11" type="stmt" count="6"/>
      <line num="12" type="stmt" count="3"/>
      <line num="13" type="stmt" count="3"/>
      <line num="14" type="stmt" count="3"/>
      <line num="16" type="stmt" count="0"/>
      <line num="18" type="stmt" count="6"/>
      <metrics loc="19" ncloc="19" classes="0" methods="0" coveredmethods="0" conditionals="0" coveredconditionals="0" statements="7" coveredstatements="6" elements="7" coveredelements="6"/>
    </file>
    <metrics files="7" loc="245" ncloc="245" classes="0" methods="0" coveredmethods="0" conditionals="0" coveredconditionals="0" statements="128" coveredstatements="124" elements="128" coveredelements="124"/>
  </project>
</coverage>
